<?xml version="1.0" encoding="UTF-8"?>
<testng-results ignored="0" total="1" passed="1" failed="0" skipped="0">
  <reporter-output>
  </reporter-output>
  <suite started-at="2023-05-31T13:17:39 BST" name="Suite" finished-at="2023-05-31T13:18:17 BST" duration-ms="37784">
    <groups>
    </groups>
    <test started-at="2023-05-31T13:17:39 BST" name="Test" finished-at="2023-05-31T13:18:17 BST" duration-ms="37784">
      <class name="Dmgmedia.NewTestNg">
        <test-method is-config="true" signature="beforeMethod()[pri:0, instance:Dmgmedia.NewTestNg@1b2abca6]" started-at="2023-05-31T13:17:39 BST" name="beforeMethod" finished-at="2023-05-31T13:17:45 BST" duration-ms="6465" status="PASS">
          <reporter-output>
          </reporter-output>
        </test-method> <!-- beforeMethod -->
        <test-method signature="step1()[pri:0, instance:Dmgmedia.NewTestNg@1b2abca6]" started-at="2023-05-31T13:17:45 BST" name="step1" finished-at="2023-05-31T13:18:16 BST" duration-ms="30894" status="PASS">
          <reporter-output>
          </reporter-output>
        </test-method> <!-- step1 -->
        <test-method is-config="true" signature="afterMethod()[pri:0, instance:Dmgmedia.NewTestNg@1b2abca6]" started-at="2023-05-31T13:18:16 BST" name="afterMethod" finished-at="2023-05-31T13:18:17 BST" duration-ms="387" status="PASS">
          <reporter-output>
          </reporter-output>
        </test-method> <!-- afterMethod -->
      </class> <!-- Dmgmedia.NewTestNg -->
    </test> <!-- Test -->
  </suite> <!-- Suite -->
</testng-results>
